app/seeds.txt
com.minamion.kancollehl_android.MainActivity
com.minamion.kancollehl_android.MainActivity: MainActivity()
com.minamion.kancollehl_android.R$anim: int abc_fade_in
com.minamion.kancollehl_android.R$anim: int abc_fade_out
com.minamion.kancollehl_android.R$anim: int abc_grow_fade_in_from_bottom
com.minamion.kancollehl_android.R$anim: int abc_popup_enter
com.minamion.kancollehl_android.R$anim: int abc_popup_exit
com.minamion.kancollehl_android.R$anim: int abc_shrink_fade_out_from_bottom
com.minamion.kancollehl_android.R$anim: int abc_slide_in_bottom
com.minamion.kancollehl_android.R$anim: int abc_slide_in_top
com.minamion.kancollehl_android.R$anim: int abc_slide_out_bottom
com.minamion.kancollehl_android.R$anim: int abc_slide_out_top
com.minamion.kancollehl_android.R$anim: int design_fab_in
com.minamion.kancollehl_android.R$anim: int design_fab_out
com.minamion.kancollehl_android.R$anim: int design_snackbar_in
com.minamion.kancollehl_android.R$anim: int design_snackbar_out
com.minamion.kancollehl_android.R$attr: int actionBarDivider
com.minamion.kancollehl_android.R$attr: int actionBarItemBackground
com.minamion.kancollehl_android.R$attr: int actionBarPopupTheme
com.minamion.kancollehl_android.R$attr: int actionBarSize
com.minamion.kancollehl_android.R$attr: int actionBarSplitStyle
com.minamion.kancollehl_android.R$attr: int actionBarStyle
com.minamion.kancollehl_android.R$attr: int actionBarTabBarStyle
com.minamion.kancollehl_android.R$attr: int actionBarTabStyle
com.minamion.kancollehl_android.R$attr: int actionBarTabTextStyle
com.minamion.kancollehl_android.R$attr: int actionBarTheme
com.minamion.kancollehl_android.R$attr: int actionBarWidgetTheme
com.minamion.kancollehl_android.R$attr: int actionButtonStyle
com.minamion.kancollehl_android.R$attr: int actionDropDownStyle
com.minamion.kancollehl_android.R$attr: int actionLayout
com.minamion.kancollehl_android.R$attr: int actionMenuTextAppearance
com.minamion.kancollehl_android.R$attr: int actionMenuTextColor
com.minamion.kancollehl_android.R$attr: int actionModeBackground
com.minamion.kancollehl_android.R$attr: int actionModeCloseButtonStyle
com.minamion.kancollehl_android.R$attr: int actionModeCloseDrawable
com.minamion.kancollehl_android.R$attr: int actionModeCopyDrawable
com.minamion.kancollehl_android.R$attr: int actionModeCutDrawable
com.minamion.kancollehl_android.R$attr: int actionModeFindDrawable
com.minamion.kancollehl_android.R$attr: int actionModePasteDrawable
com.minamion.kancollehl_android.R$bool: int abc_action_bar_embed_tabs
com.minamion.kancollehl_android.R$bool: int abc_action_bar_embed_tabs_pre_jb
com.minamion.kancollehl_android.R$bool: int abc_action_bar_expanded_action_views_exclusive
com.minamion.kancollehl_android.R$bool: int abc_allow_stacked_button_bar
com.minamion.kancollehl_android.R$bool: int abc_config_actionMenuItemAllCaps
com.minamion.kancollehl_android.R$bool: int abc_config_allowActionMenuItemTextWithIcon
com.minamion.kancollehl_android.R$bool: int abc_config_closeDialogWhenTouchOutside
com.minamion.kancollehl_android.R$bool: int abc_config_showMenuShortcutsWhenKeyboardPresent
...
android.support.design.R$attr: int actionBarDivider
android.support.design.R$attr: int actionBarItemBackground
android.support.design.R$attr: int actionBarPopupTheme
android.support.design.R$attr: int actionBarSize
android.support.design.R$attr: int actionBarSplitStyle
android.support.design.R$attr: int actionBarStyle
android.support.design.R$attr: int actionBarTabBarStyle
android.support.design.R$attr: int actionBarTabStyle
android.support.design.R$attr: int actionBarTabTextStyle
android.support.design.R$attr: int actionBarTheme
android.support.design.R$attr: int actionBarWidgetTheme
android.support.design.R$attr: int actionButtonStyle
android.support.design.R$attr: int actionDropDownStyle
android.support.design.R$attr: int actionLayout
android.support.design.R$attr: int actionMenuTextAppearance
android.support.design.R$attr: int actionMenuTextColor
android.support.design.R$attr: int actionModeBackground
android.support.design.R$attr: int actionModeCloseButtonStyle
android.support.design.R$attr: int actionModeCloseDrawable
android.support.design.R$attr: int actionModeCopyDrawable
android.support.design.R$attr: int actionModeCutDrawable
android.support.design.R$attr: int actionModeFindDrawable
android.support.design.R$attr: int actionModePasteDrawable
android.support.design.R$attr: int actionModePopupWindowStyle
android.support.design.R$attr: int actionModeSelectAllDrawable
android.support.design.R$attr: int actionModeShareDrawable
android.support.design.R$bool: int abc_action_bar_embed_tabs
android.support.design.R$bool: int abc_action_bar_embed_tabs_pre_jb
android.support.design.R$bool: int abc_action_bar_expanded_action_views_exclusive
android.support.design.R$bool: int abc_allow_stacked_button_bar
android.support.design.R$bool: int abc_config_actionMenuItemAllCaps
android.support.design.R$bool: int abc_config_allowActionMenuItemTextWithIcon
android.support.design.R$bool: int abc_config_closeDialogWhenTouchOutside
android.support.design.R$bool: int abc_config_showMenuShortcutsWhenKeyboardPresent
android.support.design.R$color: int abc_background_cache_hint_selector_material_dark
android.support.design.R$color: int abc_background_cache_hint_selector_material_light
android.support.design.R$color: int abc_color_highlight_material
android.support.design.R$color: int abc_input_method_navigation_guard
android.support.design.R$color: int abc_primary_text_disable_only_material_dark
android.support.design.R$color: int abc_primary_text_disable_only_material_light
android.support.design.R$color: int abc_primary_text_material_dark
android.support.design.R$color: int abc_primary_text_material_light
android.support.design.R$color: int abc_search_url_text
android.support.design.R$color: int abc_search_url_text_normal
android.support.design.R$color: int abc_search_url_text_pressed
android.support.design.R$color: int abc_search_url_text_selected
android.support.design.R$color: int abc_secondary_text_material_dark
android.support.design.R$color: int abc_secondary_text_material_light
android.support.design.R$color: int accent_material_dark
android.support.design.R$color: int accent_material_light
android.support.design.R$color: int background_floating_material_dark
android.support.design.R$color: int background_floating_material_light
android.support.design.R$color: int background_material_dark
android.support.design.R$color: int background_material_light
android.support.design.R$color: int bright_foreground_disabled_material_dark