app/mapping.txt
com.minamion.kancollehl_android.MainActivity -> com.minamion.kancollehl_android.MainActivity:
    java.util.Calendar c -> i
    java.lang.String mYear -> j
    java.lang.String mMonth -> k
    java.lang.String mDay -> l
    java.lang.String mWay -> m
    int iday -> n
    android.content.DialogInterface$OnClickListener listener -> o
    java.util.List data -> p
    void <init>() -> <init>
    void onCreate(android.os.Bundle) -> onCreate
    boolean onCreateOptionsMenu(android.view.Menu) -> onCreateOptionsMenu
    boolean onOptionsItemSelected(android.view.MenuItem) -> onOptionsItemSelected
    void change_date() -> j
    int random(int,int) -> a
    boolean onKeyDown(int,android.view.KeyEvent) -> onKeyDown
    java.lang.String CVrecipe(int) -> a
    java.lang.String BBrecipe(int) -> b
    void set_text() -> k
com.minamion.kancollehl_android.MainActivity$1 -> com.minamion.kancollehl_android.a:
    com.minamion.kancollehl_android.MainActivity this$0 -> a
    void <init>(com.minamion.kancollehl_android.MainActivity) -> <init>
    void onClick(android.content.DialogInterface,int) -> onClick
com.minamion.kancollehl_android.ParseXmlService -> com.minamion.kancollehl_android.b:
    void <init>() -> <init>
    java.util.HashMap parseXml(java.io.InputStream) -> a
com.minamion.kancollehl_android.UpdateManager -> com.minamion.kancollehl_android.c:
    int versionCode -> a
    java.lang.String versionName -> b
    int serviceCode -> c
    java.lang.String serviceName -> d
    java.util.HashMap mHashMap -> e
    java.lang.String mSavePath -> f
    int progress -> g
    boolean cancelUpdate -> h
    android.content.Context mContext -> i
    android.widget.ProgressBar mProgress -> j
    android.app.Dialog mDownloadDialog -> k
    android.os.Handler mHandler -> l
    void <init>(android.content.Context) -> <init>
    void checkUpdate() -> a
    boolean isUpdate() -> b
    int getVersionCode(android.content.Context) -> a
    java.lang.String getVersionName(android.content.Context) -> b
    void showNoticeDialog() -> c
    void showDownloadDialog() -> d
    void downloadApk() -> e
    void installApk() -> f
    int access$000(com.minamion.kancollehl_android.UpdateManager) -> a
    android.widget.ProgressBar access$100(com.minamion.kancollehl_android.UpdateManager) -> b
    void access$200(com.minamion.kancollehl_android.UpdateManager) -> c
    void access$300(com.minamion.kancollehl_android.UpdateManager) -> d
    boolean access$402(com.minamion.kancollehl_android.UpdateManager,boolean) -> a
    java.lang.String access$602(com.minamion.kancollehl_android.UpdateManager,java.lang.String) -> a
    java.lang.String access$600(com.minamion.kancollehl_android.UpdateManager) -> e
com.minamion.kancollehl_android.UpdateManager$1 -> com.minamion.kancollehl_android.d:
    com.minamion.kancollehl_android.UpdateManager this$0 -> a
    void <init>(com.minamion.kancollehl_android.UpdateManager) -> <init>
    void handleMessage(android.os.Message) -> handleMessage
com.minamion.kancollehl_android.UpdateManager$2 -> com.minamion.kancollehl_android.e:
    com.minamion.kancollehl_android.UpdateManager this$0 -> a
    void <init>(com.minamion.kancollehl_android.UpdateManager) -> <init>
    void onClick(android.content.DialogInterface,int) -> onClick
com.minamion.kancollehl_android.UpdateManager$3 -> com.minamion.kancollehl_android.f:
    com.minamion.kancollehl_android.UpdateManager this$0 -> a
    void <init>(com.minamion.kancollehl_android.UpdateManager) -> <init>
    void onClick(android.content.DialogInterface,int) -> onClick
com.minamion.kancollehl_android.UpdateManager$4 -> com.minamion.kancollehl_android.g:
    com.minamion.kancollehl_android.UpdateManager this$0 -> a
    void <init>(com.minamion.kancollehl_android.UpdateManager) -> <init>
    void onClick(android.content.DialogInterface,int) -> onClick
...
android.support.design.widget.Snackbar$8 -> android.support.design.widget.ay:
    android.support.design.widget.Snackbar this$0 -> a
    void <init>(android.support.design.widget.Snackbar) -> <init>
    void onAnimationEnd(android.view.animation.Animation) -> onAnimationEnd
    void onAnimationStart(android.view.animation.Animation) -> onAnimationStart
    void onAnimationRepeat(android.view.animation.Animation) -> onAnimationRepeat
android.support.design.widget.Snackbar$9 -> android.support.design.widget.az:
    int val$event -> a
    android.support.design.widget.Snackbar this$0 -> b
    void <init>(android.support.design.widget.Snackbar,int) -> <init>
    void onAnimationStart(android.view.View) -> a
    void onAnimationEnd(android.view.View) -> b
android.support.design.widget.Snackbar$Behavior -> android.support.design.widget.ba:
    android.support.design.widget.Snackbar this$0 -> a
    void <init>(android.support.design.widget.Snackbar) -> <init>
    boolean onInterceptTouchEvent(android.support.design.widget.CoordinatorLayout,android.support.design.widget.Snackbar$SnackbarLayout,android.view.MotionEvent) -> a
    boolean onInterceptTouchEvent(android.support.design.widget.CoordinatorLayout,android.view.View,android.view.MotionEvent) -> a
android.support.design.widget.Snackbar$Callback -> android.support.design.widget.bb:
    void onDismissed(android.support.design.widget.Snackbar,int) -> a
    void onShown(android.support.design.widget.Snackbar) -> a
android.support.design.widget.Snackbar$SnackbarLayout -> android.support.design.widget.Snackbar$SnackbarLayout:
    android.widget.TextView mMessageView -> a
    android.widget.Button mActionView -> b
    int mMaxWidth -> c
    int mMaxInlineActionWidth -> d
    android.support.design.widget.Snackbar$SnackbarLayout$OnLayoutChangeListener mOnLayoutChangeListener -> e
    android.support.design.widget.Snackbar$SnackbarLayout$OnAttachStateChangeListener mOnAttachStateChangeListener -> f
    void <init>(android.content.Context) -> <init>
    void <init>(android.content.Context,android.util.AttributeSet) -> <init>
    void onFinishInflate() -> onFinishInflate
    android.widget.TextView getMessageView() -> getMessageView
    android.widget.Button getActionView() -> getActionView
    void onMeasure(int,int) -> onMeasure
    void animateChildrenIn(int,int) -> a
    void animateChildrenOut(int,int) -> b
    void onLayout(boolean,int,int,int,int) -> onLayout
    void onAttachedToWindow() -> onAttachedToWindow
    void onDetachedFromWindow() -> onDetachedFromWindow
    void setOnLayoutChangeListener(android.support.design.widget.Snackbar$SnackbarLayout$OnLayoutChangeListener) -> setOnLayoutChangeListener
    void setOnAttachStateChangeListener(android.support.design.widget.Snackbar$SnackbarLayout$OnAttachStateChangeListener) -> setOnAttachStateChangeListener
    boolean updateViewsWithinLayout(int,int,int) -> a
    void updateTopBottomPadding(android.view.View,int,int) -> a
android.support.design.widget.Snackbar$SnackbarLayout$OnAttachStateChangeListener -> android.support.design.widget.bc:
    void onViewAttachedToWindow(android.view.View) -> a
    void onViewDetachedFromWindow(android.view.View) -> b
android.support.design.widget.Snackbar$SnackbarLayout$OnLayoutChangeListener -> android.support.design.widget.bd:
    void onLayoutChange(android.view.View,int,int,int,int) -> a