app/unused.txt
com.minamion.kancollehl_android.BuildConfig
com.minamion.kancollehl_android.R
com.minamion.kancollehl_android.R$anim
com.minamion.kancollehl_android.R$attr
com.minamion.kancollehl_android.R$bool
com.minamion.kancollehl_android.R$color
com.minamion.kancollehl_android.R$dimen
com.minamion.kancollehl_android.R$drawable
com.minamion.kancollehl_android.R$id
com.minamion.kancollehl_android.R$integer
com.minamion.kancollehl_android.R$layout
com.minamion.kancollehl_android.R$menu
com.minamion.kancollehl_android.R$mipmap
com.minamion.kancollehl_android.R$string
com.minamion.kancollehl_android.R$style
com.minamion.kancollehl_android.R$styleable
com.minamion.kancollehl_android.UpdateManager:
    private static final int DOWNLOAD
    private static final int DOWNLOAD_FINISH
...
android.support.v4.hardware.fingerprint.FingerprintManagerCompatApi23
android.support.v4.hardware.fingerprint.FingerprintManagerCompatApi23$1
android.support.v4.hardware.fingerprint.FingerprintManagerCompatApi23$AuthenticationCallback
android.support.v4.hardware.fingerprint.FingerprintManagerCompatApi23$AuthenticationResultInternal
android.support.v4.hardware.fingerprint.FingerprintManagerCompatApi23$CryptoObject
android.support.v4.internal.view.SupportMenu:
    public static final int USER_MASK
    public static final int USER_SHIFT
    public static final int CATEGORY_MASK
    public static final int CATEGORY_SHIFT
android.support.v4.internal.view.SupportMenuItem:
    public static final int SHOW_AS_ACTION_NEVER
    public static final int SHOW_AS_ACTION_IF_ROOM
    public static final int SHOW_AS_ACTION_ALWAYS
    public static final int SHOW_AS_ACTION_WITH_TEXT
    public static final int SHOW_AS_ACTION_COLLAPSE_ACTION_VIEW
android.support.v4.media.IMediaBrowserServiceCompat
android.support.v4.media.IMediaBrowserServiceCompat$Stub
android.support.v4.media.IMediaBrowserServiceCompat$Stub$Proxy
android.support.v4.media.IMediaBrowserServiceCompatCallbacks
android.support.v4.media.IMediaBrowserServiceCompatCallbacks$Stub
android.support.v4.media.IMediaBrowserServiceCompatCallbacks$Stub$Proxy
android.support.v4.media.MediaBrowserCompat:
    private final android.support.v4.media.MediaBrowserCompat$MediaBrowserImplBase mImpl
    69:71:public MediaBrowserCompat(android.content.Context,android.content.ComponentName,android.support.v4.media.MediaBrowserCompat$ConnectionCallback,android.os.Bundle)
    81:82:public void connect()
    89:90:public void disconnect()
    96:96:public boolean isConnected()
    104:104:public android.content.ComponentName getServiceComponent()
    117:117:public java.lang.String getRoot()
    127:127:public android.os.Bundle getExtras()
    142:142:public android.support.v4.media.session.MediaSessionCompat$Token getSessionToken()
    164:165:public void subscribe(java.lang.String,android.support.v4.media.MediaBrowserCompat$SubscriptionCallback)
    178:179:public void unsubscribe(java.lang.String)
    190:191:public void getItem(java.lang.String,android.support.v4.media.MediaBrowserCompat$ItemCallback)
android.support.v4.media.MediaBrowserCompat$ConnectionCallback
android.support.v4.media.MediaBrowserCompat$ItemCallback:
    369:369:public MediaBrowserCompat$ItemCallback()
android.support.v4.media.MediaBrowserCompat$MediaBrowserImplBase:
    private static final java.lang.String TAG
    private static final boolean DBG
    private static final int CONNECT_STATE_DISCONNECTED
    private static final int CONNECT_STATE_CONNECTING
    private static final int CONNECT_STATE_CONNECTED
    private static final int CONNECT_STATE_SUSPENDED
    private final android.content.Context mContext
    private final android.content.ComponentName mServiceComponent
    private final android.support.v4.media.MediaBrowserCompat$ConnectionCallback mCallback
    private final android.os.Bundle mRootHints
    private final android.os.Handler mHandler
    private final android.support.v4.util.ArrayMap mSubscriptions
    private int mState
    private android.support.v4.media.MediaBrowserCompat$MediaBrowserImplBase$MediaServiceConnection mServiceConnection
    private android.support.v4.media.IMediaBrowserServiceCompat mServiceBinder
    private android.support.v4.media.IMediaBrowserServiceCompatCallbacks mServiceCallbacks
    private java.lang.String mRootId
    private android.support.v4.media.session.MediaSessionCompat$Token mMediaSessionToken
    private android.os.Bundle mExtras
    400:426:public MediaBrowserCompat$MediaBrowserImplBase(android.content.Context,android.content.ComponentName,android.support.v4.media.MediaBrowserCompat$ConnectionCallback,android.os.Bundle)
    429:486:public void connect()
    492:507:public void disconnect()
android.support.v4.media.MediaBrowserCompat$MediaBrowserImplBase$1